C:\USERS\GUEST1\DROPBOX\VISUAL STUDIO 2012\PROJECTS\SHOOTINGGAME2\DEBUG\MAIN.OBJ
C:\USERS\GUEST1\DROPBOX\VISUAL STUDIO 2012\PROJECTS\SHOOTINGGAME2\DEBUG\SUB.OBJ
C:\USERS\GUEST1\DROPBOX\VISUAL STUDIO 2012\PROJECTS\SHOOTINGGAME2\DEBUG\VC110.PDB
C:\USERS\GUEST1\DROPBOX\VISUAL STUDIO 2012\PROJECTS\SHOOTINGGAME2\DEBUG\SHOOTINGGAME2.ILK
C:\USERS\GUEST1\DROPBOX\VISUAL STUDIO 2012\PROJECTS\SHOOTINGGAME2\DEBUG\SHOOTINGGAME2.EXE
C:\USERS\GUEST1\DROPBOX\VISUAL STUDIO 2012\PROJECTS\SHOOTINGGAME2\DEBUG\SHOOTINGGAME2.PDB
C:\Users\Guest1\Dropbox\Visual Studio 2012\Projects\ShootingGame2\Debug\main.obj
C:\Users\Guest1\Dropbox\Visual Studio 2012\Projects\ShootingGame2\Debug\sub.obj
C:\Users\Guest1\Dropbox\Visual Studio 2012\Projects\ShootingGame2\Debug\ShootingGame2.ilk
C:\Users\Guest1\Dropbox\Visual Studio 2012\Projects\ShootingGame2\Debug\cl.command.1.tlog
C:\Users\Guest1\Dropbox\Visual Studio 2012\Projects\ShootingGame2\Debug\CL.read.1.tlog
C:\Users\Guest1\Dropbox\Visual Studio 2012\Projects\ShootingGame2\Debug\CL.write.1.tlog
C:\Users\Guest1\Dropbox\Visual Studio 2012\Projects\ShootingGame2\Debug\link-cvtres.read.1.tlog
C:\Users\Guest1\Dropbox\Visual Studio 2012\Projects\ShootingGame2\Debug\link-cvtres.write.1.tlog
C:\Users\Guest1\Dropbox\Visual Studio 2012\Projects\ShootingGame2\Debug\link-rc.read.1.tlog
C:\Users\Guest1\Dropbox\Visual Studio 2012\Projects\ShootingGame2\Debug\link-rc.write.1.tlog
C:\Users\Guest1\Dropbox\Visual Studio 2012\Projects\ShootingGame2\Debug\link.command.1.tlog
C:\Users\Guest1\Dropbox\Visual Studio 2012\Projects\ShootingGame2\Debug\link.read.1.tlog
C:\Users\Guest1\Dropbox\Visual Studio 2012\Projects\ShootingGame2\Debug\link.write.1.tlog
C:\Users\Guest1\Dropbox\Visual Studio 2012\Projects\ShootingGame2\Debug\vc110.idb
C:\Users\Guest1\Dropbox\Visual Studio 2012\Projects\ShootingGame2\Debug\ShootingGame2.pdb
C:\Users\Guest1\Dropbox\Visual Studio 2012\Projects\ShootingGame2\Debug\vc110.pdb
C:\Users\Guest1\Dropbox\Visual Studio 2012\Projects\ShootingGame2\Debug\ShootingGame2.exe
